-------------------------------------------------------------------------------
Test set: dev.dracarys.com.hospitalquerysystem.HospitalQuerySystemApplicationTests
-------------------------------------------------------------------------------
Tests run: 1, Failures: 0, Errors: 1, Skipped: 0, Time elapsed: 2.909 s <<< FAILURE! - in dev.dracarys.com.hospitalquerysystem.HospitalQuerySystemApplicationTests
contextLoads  Time elapsed: 0.001 s  <<< ERROR!
java.lang.IllegalStateException: Failed to load ApplicationContext
Caused by: org.springframework.beans.factory.UnsatisfiedDependencyException: Error creating bean with name 'doctorController' defined in file [C:\Users\dracarys\Desktop\Github Project\hospital-management-api\target\classes\dev\dracarys\com\hospitalquerysystem\controller\employee\DoctorController.class]: Unsatisfied dependency expressed through constructor parameter 0; nested exception is org.springframework.beans.factory.UnsatisfiedDependencyException: Error creating bean with name 'doctorServices' defined in file [C:\Users\dracarys\Desktop\Github Project\hospital-management-api\target\classes\dev\dracarys\com\hospitalquerysystem\service\employees\DoctorServices.class]: Unsatisfied dependency expressed through constructor parameter 0; nested exception is org.springframework.beans.factory.BeanCreationException: Error creating bean with name 'doctorRepository' defined in dev.dracarys.com.hospitalquerysystem.repository.employee.DoctorRepository defined in @EnableJpaRepositories declared on JpaRepositoriesRegistrar.EnableJpaRepositoriesConfiguration: Invocation of init method failed; nested exception is org.springframework.data.repository.query.QueryCreationException: Could not create query for public abstract java.util.Optional dev.dracarys.com.hospitalquerysystem.repository.employee.DoctorRepository.findByFirstName(java.lang.String); Reason: Paging query needs to have a Pageable parameter; Offending method: public abstract java.util.Optional dev.dracarys.com.hospitalquerysystem.repository.employee.DoctorRepository.findByFirstName(java.lang.String); nested exception is java.lang.IllegalArgumentException: Paging query needs to have a Pageable parameter; Offending method: public abstract java.util.Optional dev.dracarys.com.hospitalquerysystem.repository.employee.DoctorRepository.findByFirstName(java.lang.String)
Caused by: org.springframework.beans.factory.UnsatisfiedDependencyException: Error creating bean with name 'doctorServices' defined in file [C:\Users\dracarys\Desktop\Github Project\hospital-management-api\target\classes\dev\dracarys\com\hospitalquerysystem\service\employees\DoctorServices.class]: Unsatisfied dependency expressed through constructor parameter 0; nested exception is org.springframework.beans.factory.BeanCreationException: Error creating bean with name 'doctorRepository' defined in dev.dracarys.com.hospitalquerysystem.repository.employee.DoctorRepository defined in @EnableJpaRepositories declared on JpaRepositoriesRegistrar.EnableJpaRepositoriesConfiguration: Invocation of init method failed; nested exception is org.springframework.data.repository.query.QueryCreationException: Could not create query for public abstract java.util.Optional dev.dracarys.com.hospitalquerysystem.repository.employee.DoctorRepository.findByFirstName(java.lang.String); Reason: Paging query needs to have a Pageable parameter; Offending method: public abstract java.util.Optional dev.dracarys.com.hospitalquerysystem.repository.employee.DoctorRepository.findByFirstName(java.lang.String); nested exception is java.lang.IllegalArgumentException: Paging query needs to have a Pageable parameter; Offending method: public abstract java.util.Optional dev.dracarys.com.hospitalquerysystem.repository.employee.DoctorRepository.findByFirstName(java.lang.String)
Caused by: org.springframework.beans.factory.BeanCreationException: Error creating bean with name 'doctorRepository' defined in dev.dracarys.com.hospitalquerysystem.repository.employee.DoctorRepository defined in @EnableJpaRepositories declared on JpaRepositoriesRegistrar.EnableJpaRepositoriesConfiguration: Invocation of init method failed; nested exception is org.springframework.data.repository.query.QueryCreationException: Could not create query for public abstract java.util.Optional dev.dracarys.com.hospitalquerysystem.repository.employee.DoctorRepository.findByFirstName(java.lang.String); Reason: Paging query needs to have a Pageable parameter; Offending method: public abstract java.util.Optional dev.dracarys.com.hospitalquerysystem.repository.employee.DoctorRepository.findByFirstName(java.lang.String); nested exception is java.lang.IllegalArgumentException: Paging query needs to have a Pageable parameter; Offending method: public abstract java.util.Optional dev.dracarys.com.hospitalquerysystem.repository.employee.DoctorRepository.findByFirstName(java.lang.String)
Caused by: org.springframework.data.repository.query.QueryCreationException: Could not create query for public abstract java.util.Optional dev.dracarys.com.hospitalquerysystem.repository.employee.DoctorRepository.findByFirstName(java.lang.String); Reason: Paging query needs to have a Pageable parameter; Offending method: public abstract java.util.Optional dev.dracarys.com.hospitalquerysystem.repository.employee.DoctorRepository.findByFirstName(java.lang.String); nested exception is java.lang.IllegalArgumentException: Paging query needs to have a Pageable parameter; Offending method: public abstract java.util.Optional dev.dracarys.com.hospitalquerysystem.repository.employee.DoctorRepository.findByFirstName(java.lang.String)
Caused by: java.lang.IllegalArgumentException: Paging query needs to have a Pageable parameter; Offending method: public abstract java.util.Optional dev.dracarys.com.hospitalquerysystem.repository.employee.DoctorRepository.findByFirstName(java.lang.String)

